[INFO  - 2014-05-22T12:42:26.234Z] GhostDriver - Main - running on port 36307
[INFO  - 2014-05-22T12:42:26.668Z] Session [8796e860-e1ae-11e3-bc41-25e9f7cecd2d] - page.settings - {"XSSAuditingEnabled":false,"javascriptCanCloseWindows":true,"javascriptCanOpenWindows":true,"javascriptEnabled":true,"loadImages":true,"localToRemoteUrlAccessEnabled":false,"userAgent":"Mozilla/5.0 (Windows NT 6.1; WOW64) AppleWebKit/534.34 (KHTML, like Gecko) PhantomJS/1.9.7 Safari/534.34","webSecurityEnabled":true}
[INFO  - 2014-05-22T12:42:26.668Z] Session [8796e860-e1ae-11e3-bc41-25e9f7cecd2d] - page.customHeaders:  - {}
[INFO  - 2014-05-22T12:42:26.669Z] Session [8796e860-e1ae-11e3-bc41-25e9f7cecd2d] - Session.negotiatedCapabilities - {"browserName":"phantomjs","version":"1.9.7","driverName":"ghostdriver","driverVersion":"1.1.0","platform":"windows-7-32bit","javascriptEnabled":true,"takesScreenshot":true,"handlesAlerts":false,"databaseEnabled":false,"locationContextEnabled":false,"applicationCacheEnabled":false,"browserConnectionEnabled":false,"cssSelectorsEnabled":true,"webStorageEnabled":false,"rotatable":false,"acceptSslCerts":false,"nativeEvents":true,"proxy":{"proxyType":"direct"}}
[INFO  - 2014-05-22T12:42:26.669Z] SessionManagerReqHand - _postNewSessionCommand - New Session Created: 8796e860-e1ae-11e3-bc41-25e9f7cecd2d
[ERROR - 2014-05-22T12:42:55.701Z] WebElementLocator - _handleLocateCommand - Element(s) NOT Found: GAVE UP. Search Stop Time: 1400762575686
[INFO  - 2014-05-22T12:42:57.593Z] ShutdownReqHand - _handle - About to shutdown
[INFO  - 2014-05-22T12:43:52.699Z] GhostDriver - Main - running on port 23962
[INFO  - 2014-05-22T12:43:53.123Z] Session [bb1ee4d0-e1ae-11e3-bf86-a919f0a2ffbc] - page.settings - {"XSSAuditingEnabled":false,"javascriptCanCloseWindows":true,"javascriptCanOpenWindows":true,"javascriptEnabled":true,"loadImages":true,"localToRemoteUrlAccessEnabled":false,"userAgent":"Mozilla/5.0 (Windows NT 6.1; WOW64) AppleWebKit/534.34 (KHTML, like Gecko) PhantomJS/1.9.7 Safari/534.34","webSecurityEnabled":true}
[INFO  - 2014-05-22T12:43:53.123Z] Session [bb1ee4d0-e1ae-11e3-bf86-a919f0a2ffbc] - page.customHeaders:  - {}
[INFO  - 2014-05-22T12:43:53.123Z] Session [bb1ee4d0-e1ae-11e3-bf86-a919f0a2ffbc] - Session.negotiatedCapabilities - {"browserName":"phantomjs","version":"1.9.7","driverName":"ghostdriver","driverVersion":"1.1.0","platform":"windows-7-32bit","javascriptEnabled":true,"takesScreenshot":true,"handlesAlerts":false,"databaseEnabled":false,"locationContextEnabled":false,"applicationCacheEnabled":false,"browserConnectionEnabled":false,"cssSelectorsEnabled":true,"webStorageEnabled":false,"rotatable":false,"acceptSslCerts":false,"nativeEvents":true,"proxy":{"proxyType":"direct"}}
[INFO  - 2014-05-22T12:43:53.123Z] SessionManagerReqHand - _postNewSessionCommand - New Session Created: bb1ee4d0-e1ae-11e3-bf86-a919f0a2ffbc
[ERROR - 2014-05-22T12:44:21.909Z] WebElementLocator - _handleLocateCommand - Element(s) NOT Found: GAVE UP. Search Stop Time: 1400762661865
[INFO  - 2014-05-22T12:44:23.623Z] ShutdownReqHand - _handle - About to shutdown
[INFO  - 2014-07-01T11:17:27.411Z] GhostDriver - Main - running on port 10410
[INFO  - 2014-07-01T11:17:27.813Z] Session [48f5d620-0111-11e4-ad13-39cf6441829a] - page.settings - {"XSSAuditingEnabled":false,"javascriptCanCloseWindows":true,"javascriptCanOpenWindows":true,"javascriptEnabled":true,"loadImages":true,"localToRemoteUrlAccessEnabled":false,"userAgent":"Mozilla/5.0 (Unknown; Linux x86_64) AppleWebKit/534.34 (KHTML, like Gecko) PhantomJS/1.9.7 Safari/534.34","webSecurityEnabled":true}
[INFO  - 2014-07-01T11:17:27.813Z] Session [48f5d620-0111-11e4-ad13-39cf6441829a] - page.customHeaders:  - {}
[INFO  - 2014-07-01T11:17:27.813Z] Session [48f5d620-0111-11e4-ad13-39cf6441829a] - Session.negotiatedCapabilities - {"browserName":"phantomjs","version":"1.9.7","driverName":"ghostdriver","driverVersion":"1.1.0","platform":"linux-unknown-64bit","javascriptEnabled":true,"takesScreenshot":true,"handlesAlerts":false,"databaseEnabled":false,"locationContextEnabled":false,"applicationCacheEnabled":false,"browserConnectionEnabled":false,"cssSelectorsEnabled":true,"webStorageEnabled":false,"rotatable":false,"acceptSslCerts":false,"nativeEvents":true,"proxy":{"proxyType":"direct"}}
[INFO  - 2014-07-01T11:17:27.813Z] SessionManagerReqHand - _postNewSessionCommand - New Session Created: 48f5d620-0111-11e4-ad13-39cf6441829a
[ERROR - 2014-07-01T11:17:54.806Z] WebElementLocator - _handleLocateCommand - Element(s) NOT Found: GAVE UP. Search Stop Time: 1404213474752
[INFO  - 2014-07-01T11:17:56.392Z] ShutdownReqHand - _handle - About to shutdown
[INFO  - 2014-07-01T11:18:51.355Z] GhostDriver - Main - running on port 20216
[INFO  - 2014-07-01T11:18:51.860Z] Session [7b0e15f0-0111-11e4-99db-81a304ef582b] - page.settings - {"XSSAuditingEnabled":false,"javascriptCanCloseWindows":true,"javascriptCanOpenWindows":true,"javascriptEnabled":true,"loadImages":true,"localToRemoteUrlAccessEnabled":false,"userAgent":"Mozilla/5.0 (Unknown; Linux x86_64) AppleWebKit/534.34 (KHTML, like Gecko) PhantomJS/1.9.7 Safari/534.34","webSecurityEnabled":true}
[INFO  - 2014-07-01T11:18:51.860Z] Session [7b0e15f0-0111-11e4-99db-81a304ef582b] - page.customHeaders:  - {}
[INFO  - 2014-07-01T11:18:51.860Z] Session [7b0e15f0-0111-11e4-99db-81a304ef582b] - Session.negotiatedCapabilities - {"browserName":"phantomjs","version":"1.9.7","driverName":"ghostdriver","driverVersion":"1.1.0","platform":"linux-unknown-64bit","javascriptEnabled":true,"takesScreenshot":true,"handlesAlerts":false,"databaseEnabled":false,"locationContextEnabled":false,"applicationCacheEnabled":false,"browserConnectionEnabled":false,"cssSelectorsEnabled":true,"webStorageEnabled":false,"rotatable":false,"acceptSslCerts":false,"nativeEvents":true,"proxy":{"proxyType":"direct"}}
[INFO  - 2014-07-01T11:18:51.860Z] SessionManagerReqHand - _postNewSessionCommand - New Session Created: 7b0e15f0-0111-11e4-99db-81a304ef582b
[ERROR - 2014-07-01T11:19:18.936Z] WebElementLocator - _handleLocateCommand - Element(s) NOT Found: GAVE UP. Search Stop Time: 1404213558884
[INFO  - 2014-07-01T11:19:20.518Z] ShutdownReqHand - _handle - About to shutdown
[INFO  - 2014-07-01T11:26:29.413Z] GhostDriver - Main - running on port 21842
[INFO  - 2014-07-01T11:26:29.916Z] Session [8c13bb60-0112-11e4-928e-bd2b6f6044ab] - page.settings - {"XSSAuditingEnabled":false,"javascriptCanCloseWindows":true,"javascriptCanOpenWindows":true,"javascriptEnabled":true,"loadImages":true,"localToRemoteUrlAccessEnabled":false,"userAgent":"Mozilla/5.0 (Unknown; Linux x86_64) AppleWebKit/534.34 (KHTML, like Gecko) PhantomJS/1.9.7 Safari/534.34","webSecurityEnabled":true}
[INFO  - 2014-07-01T11:26:29.916Z] Session [8c13bb60-0112-11e4-928e-bd2b6f6044ab] - page.customHeaders:  - {}
[INFO  - 2014-07-01T11:26:29.916Z] Session [8c13bb60-0112-11e4-928e-bd2b6f6044ab] - Session.negotiatedCapabilities - {"browserName":"phantomjs","version":"1.9.7","driverName":"ghostdriver","driverVersion":"1.1.0","platform":"linux-unknown-64bit","javascriptEnabled":true,"takesScreenshot":true,"handlesAlerts":false,"databaseEnabled":false,"locationContextEnabled":false,"applicationCacheEnabled":false,"browserConnectionEnabled":false,"cssSelectorsEnabled":true,"webStorageEnabled":false,"rotatable":false,"acceptSslCerts":false,"nativeEvents":true,"proxy":{"proxyType":"direct"}}
[INFO  - 2014-07-01T11:26:29.916Z] SessionManagerReqHand - _postNewSessionCommand - New Session Created: 8c13bb60-0112-11e4-928e-bd2b6f6044ab
[ERROR - 2014-07-01T11:26:56.977Z] WebElementLocator - _handleLocateCommand - Element(s) NOT Found: GAVE UP. Search Stop Time: 1404214016921
[INFO  - 2014-07-01T11:26:58.666Z] ShutdownReqHand - _handle - About to shutdown
[INFO  - 2014-07-01T11:47:04.684Z] GhostDriver - Main - running on port 27538
[INFO  - 2014-07-01T11:47:05.188Z] Session [6c5b9600-0115-11e4-9b78-af46c103f7a2] - page.settings - {"XSSAuditingEnabled":false,"javascriptCanCloseWindows":true,"javascriptCanOpenWindows":true,"javascriptEnabled":true,"loadImages":true,"localToRemoteUrlAccessEnabled":false,"userAgent":"Mozilla/5.0 (Unknown; Linux x86_64) AppleWebKit/534.34 (KHTML, like Gecko) PhantomJS/1.9.7 Safari/534.34","webSecurityEnabled":true}
[INFO  - 2014-07-01T11:47:05.188Z] Session [6c5b9600-0115-11e4-9b78-af46c103f7a2] - page.customHeaders:  - {}
[INFO  - 2014-07-01T11:47:05.188Z] Session [6c5b9600-0115-11e4-9b78-af46c103f7a2] - Session.negotiatedCapabilities - {"browserName":"phantomjs","version":"1.9.7","driverName":"ghostdriver","driverVersion":"1.1.0","platform":"linux-unknown-64bit","javascriptEnabled":true,"takesScreenshot":true,"handlesAlerts":false,"databaseEnabled":false,"locationContextEnabled":false,"applicationCacheEnabled":false,"browserConnectionEnabled":false,"cssSelectorsEnabled":true,"webStorageEnabled":false,"rotatable":false,"acceptSslCerts":false,"nativeEvents":true,"proxy":{"proxyType":"direct"}}
[INFO  - 2014-07-01T11:47:05.188Z] SessionManagerReqHand - _postNewSessionCommand - New Session Created: 6c5b9600-0115-11e4-9b78-af46c103f7a2
[ERROR - 2014-07-01T11:47:32.174Z] WebElementLocator - _handleLocateCommand - Element(s) NOT Found: GAVE UP. Search Stop Time: 1404215252118
[INFO  - 2014-07-01T11:47:33.762Z] ShutdownReqHand - _handle - About to shutdown
[INFO  - 2014-07-01T12:41:26.529Z] GhostDriver - Main - running on port 32249
[INFO  - 2014-07-01T12:41:27.038Z] Session [04923e90-011d-11e4-b794-49e4a79663b0] - page.settings - {"XSSAuditingEnabled":false,"javascriptCanCloseWindows":true,"javascriptCanOpenWindows":true,"javascriptEnabled":true,"loadImages":true,"localToRemoteUrlAccessEnabled":false,"userAgent":"Mozilla/5.0 (Unknown; Linux x86_64) AppleWebKit/534.34 (KHTML, like Gecko) PhantomJS/1.9.7 Safari/534.34","webSecurityEnabled":true}
[INFO  - 2014-07-01T12:41:27.038Z] Session [04923e90-011d-11e4-b794-49e4a79663b0] - page.customHeaders:  - {}
[INFO  - 2014-07-01T12:41:27.038Z] Session [04923e90-011d-11e4-b794-49e4a79663b0] - Session.negotiatedCapabilities - {"browserName":"phantomjs","version":"1.9.7","driverName":"ghostdriver","driverVersion":"1.1.0","platform":"linux-unknown-64bit","javascriptEnabled":true,"takesScreenshot":true,"handlesAlerts":false,"databaseEnabled":false,"locationContextEnabled":false,"applicationCacheEnabled":false,"browserConnectionEnabled":false,"cssSelectorsEnabled":true,"webStorageEnabled":false,"rotatable":false,"acceptSslCerts":false,"nativeEvents":true,"proxy":{"proxyType":"direct"}}
[INFO  - 2014-07-01T12:41:27.039Z] SessionManagerReqHand - _postNewSessionCommand - New Session Created: 04923e90-011d-11e4-b794-49e4a79663b0
[INFO  - 2014-07-01T12:47:44.026Z] GhostDriver - Main - running on port 11261
[INFO  - 2014-07-01T12:47:44.532Z] Session [e5939010-011d-11e4-9bd0-dddbcf7223b9] - page.settings - {"XSSAuditingEnabled":false,"javascriptCanCloseWindows":true,"javascriptCanOpenWindows":true,"javascriptEnabled":true,"loadImages":true,"localToRemoteUrlAccessEnabled":false,"userAgent":"Mozilla/5.0 (Unknown; Linux x86_64) AppleWebKit/534.34 (KHTML, like Gecko) PhantomJS/1.9.7 Safari/534.34","webSecurityEnabled":true}
[INFO  - 2014-07-01T12:47:44.532Z] Session [e5939010-011d-11e4-9bd0-dddbcf7223b9] - page.customHeaders:  - {}
[INFO  - 2014-07-01T12:47:44.532Z] Session [e5939010-011d-11e4-9bd0-dddbcf7223b9] - Session.negotiatedCapabilities - {"browserName":"phantomjs","version":"1.9.7","driverName":"ghostdriver","driverVersion":"1.1.0","platform":"linux-unknown-64bit","javascriptEnabled":true,"takesScreenshot":true,"handlesAlerts":false,"databaseEnabled":false,"locationContextEnabled":false,"applicationCacheEnabled":false,"browserConnectionEnabled":false,"cssSelectorsEnabled":true,"webStorageEnabled":false,"rotatable":false,"acceptSslCerts":false,"nativeEvents":true,"proxy":{"proxyType":"direct"}}
[INFO  - 2014-07-01T12:47:44.532Z] SessionManagerReqHand - _postNewSessionCommand - New Session Created: e5939010-011d-11e4-9bd0-dddbcf7223b9
[ERROR - 2014-07-01T12:48:11.605Z] WebElementLocator - _handleLocateCommand - Element(s) NOT Found: GAVE UP. Search Stop Time: 1404218891550
[INFO  - 2014-07-01T12:48:13.182Z] ShutdownReqHand - _handle - About to shutdown
[INFO  - 2014-07-01T12:49:27.649Z] GhostDriver - Main - running on port 22896
[INFO  - 2014-07-01T12:49:28.160Z] Session [23577ba0-011e-11e4-92d9-5163cbcd7750] - page.settings - {"XSSAuditingEnabled":false,"javascriptCanCloseWindows":true,"javascriptCanOpenWindows":true,"javascriptEnabled":true,"loadImages":true,"localToRemoteUrlAccessEnabled":false,"userAgent":"Mozilla/5.0 (Unknown; Linux x86_64) AppleWebKit/534.34 (KHTML, like Gecko) PhantomJS/1.9.7 Safari/534.34","webSecurityEnabled":true}
[INFO  - 2014-07-01T12:49:28.160Z] Session [23577ba0-011e-11e4-92d9-5163cbcd7750] - page.customHeaders:  - {}
[INFO  - 2014-07-01T12:49:28.160Z] Session [23577ba0-011e-11e4-92d9-5163cbcd7750] - Session.negotiatedCapabilities - {"browserName":"phantomjs","version":"1.9.7","driverName":"ghostdriver","driverVersion":"1.1.0","platform":"linux-unknown-64bit","javascriptEnabled":true,"takesScreenshot":true,"handlesAlerts":false,"databaseEnabled":false,"locationContextEnabled":false,"applicationCacheEnabled":false,"browserConnectionEnabled":false,"cssSelectorsEnabled":true,"webStorageEnabled":false,"rotatable":false,"acceptSslCerts":false,"nativeEvents":true,"proxy":{"proxyType":"direct"}}
[INFO  - 2014-07-01T12:49:28.160Z] SessionManagerReqHand - _postNewSessionCommand - New Session Created: 23577ba0-011e-11e4-92d9-5163cbcd7750
[ERROR - 2014-07-01T12:49:55.238Z] WebElementLocator - _handleLocateCommand - Element(s) NOT Found: GAVE UP. Search Stop Time: 1404218995185
[INFO  - 2014-07-01T12:49:56.821Z] ShutdownReqHand - _handle - About to shutdown
[INFO  - 2014-07-01T12:53:19.218Z] GhostDriver - Main - running on port 4700
[INFO  - 2014-07-01T12:53:19.723Z] Session [ad5d7f70-011e-11e4-ae0b-4bf169d9f12f] - page.settings - {"XSSAuditingEnabled":false,"javascriptCanCloseWindows":true,"javascriptCanOpenWindows":true,"javascriptEnabled":true,"loadImages":true,"localToRemoteUrlAccessEnabled":false,"userAgent":"Mozilla/5.0 (Unknown; Linux x86_64) AppleWebKit/534.34 (KHTML, like Gecko) PhantomJS/1.9.7 Safari/534.34","webSecurityEnabled":true}
[INFO  - 2014-07-01T12:53:19.723Z] Session [ad5d7f70-011e-11e4-ae0b-4bf169d9f12f] - page.customHeaders:  - {}
[INFO  - 2014-07-01T12:53:19.724Z] Session [ad5d7f70-011e-11e4-ae0b-4bf169d9f12f] - Session.negotiatedCapabilities - {"browserName":"phantomjs","version":"1.9.7","driverName":"ghostdriver","driverVersion":"1.1.0","platform":"linux-unknown-64bit","javascriptEnabled":true,"takesScreenshot":true,"handlesAlerts":false,"databaseEnabled":false,"locationContextEnabled":false,"applicationCacheEnabled":false,"browserConnectionEnabled":false,"cssSelectorsEnabled":true,"webStorageEnabled":false,"rotatable":false,"acceptSslCerts":false,"nativeEvents":true,"proxy":{"proxyType":"direct"}}
[INFO  - 2014-07-01T12:53:19.724Z] SessionManagerReqHand - _postNewSessionCommand - New Session Created: ad5d7f70-011e-11e4-ae0b-4bf169d9f12f
[ERROR - 2014-07-01T12:53:46.709Z] WebElementLocator - _handleLocateCommand - Element(s) NOT Found: GAVE UP. Search Stop Time: 1404219226650
[INFO  - 2014-07-01T12:53:48.390Z] ShutdownReqHand - _handle - About to shutdown
[INFO  - 2014-07-01T12:55:44.340Z] GhostDriver - Main - running on port 26443
[INFO  - 2014-07-01T12:55:44.839Z] Session [03dc7130-011f-11e4-a455-d7810bede237] - page.settings - {"XSSAuditingEnabled":false,"javascriptCanCloseWindows":true,"javascriptCanOpenWindows":true,"javascriptEnabled":true,"loadImages":true,"localToRemoteUrlAccessEnabled":false,"userAgent":"Mozilla/5.0 (Unknown; Linux x86_64) AppleWebKit/534.34 (KHTML, like Gecko) PhantomJS/1.9.7 Safari/534.34","webSecurityEnabled":true}
[INFO  - 2014-07-01T12:55:44.839Z] Session [03dc7130-011f-11e4-a455-d7810bede237] - page.customHeaders:  - {}
[INFO  - 2014-07-01T12:55:44.839Z] Session [03dc7130-011f-11e4-a455-d7810bede237] - Session.negotiatedCapabilities - {"browserName":"phantomjs","version":"1.9.7","driverName":"ghostdriver","driverVersion":"1.1.0","platform":"linux-unknown-64bit","javascriptEnabled":true,"takesScreenshot":true,"handlesAlerts":false,"databaseEnabled":false,"locationContextEnabled":false,"applicationCacheEnabled":false,"browserConnectionEnabled":false,"cssSelectorsEnabled":true,"webStorageEnabled":false,"rotatable":false,"acceptSslCerts":false,"nativeEvents":true,"proxy":{"proxyType":"direct"}}
[INFO  - 2014-07-01T12:55:44.839Z] SessionManagerReqHand - _postNewSessionCommand - New Session Created: 03dc7130-011f-11e4-a455-d7810bede237
[INFO  - 2014-07-01T12:56:27.484Z] GhostDriver - Main - running on port 22824
[INFO  - 2014-07-01T12:56:27.992Z] Session [1d94c320-011f-11e4-ae50-89895d68b6b6] - page.settings - {"XSSAuditingEnabled":false,"javascriptCanCloseWindows":true,"javascriptCanOpenWindows":true,"javascriptEnabled":true,"loadImages":true,"localToRemoteUrlAccessEnabled":false,"userAgent":"Mozilla/5.0 (Unknown; Linux x86_64) AppleWebKit/534.34 (KHTML, like Gecko) PhantomJS/1.9.7 Safari/534.34","webSecurityEnabled":true}
[INFO  - 2014-07-01T12:56:27.992Z] Session [1d94c320-011f-11e4-ae50-89895d68b6b6] - page.customHeaders:  - {}
[INFO  - 2014-07-01T12:56:27.992Z] Session [1d94c320-011f-11e4-ae50-89895d68b6b6] - Session.negotiatedCapabilities - {"browserName":"phantomjs","version":"1.9.7","driverName":"ghostdriver","driverVersion":"1.1.0","platform":"linux-unknown-64bit","javascriptEnabled":true,"takesScreenshot":true,"handlesAlerts":false,"databaseEnabled":false,"locationContextEnabled":false,"applicationCacheEnabled":false,"browserConnectionEnabled":false,"cssSelectorsEnabled":true,"webStorageEnabled":false,"rotatable":false,"acceptSslCerts":false,"nativeEvents":true,"proxy":{"proxyType":"direct"}}
[INFO  - 2014-07-01T12:56:27.992Z] SessionManagerReqHand - _postNewSessionCommand - New Session Created: 1d94c320-011f-11e4-ae50-89895d68b6b6
[ERROR - 2014-07-01T12:56:55.048Z] WebElementLocator - _handleLocateCommand - Element(s) NOT Found: GAVE UP. Search Stop Time: 1404219415002
[INFO  - 2014-07-01T12:56:56.666Z] ShutdownReqHand - _handle - About to shutdown
[INFO  - 2014-07-01T13:10:26.169Z] GhostDriver - Main - running on port 14219
[INFO  - 2014-07-01T13:10:26.684Z] Session [117b2870-0121-11e4-a5c9-cfad07375e0b] - page.settings - {"XSSAuditingEnabled":false,"javascriptCanCloseWindows":true,"javascriptCanOpenWindows":true,"javascriptEnabled":true,"loadImages":true,"localToRemoteUrlAccessEnabled":false,"userAgent":"Mozilla/5.0 (Unknown; Linux x86_64) AppleWebKit/534.34 (KHTML, like Gecko) PhantomJS/1.9.7 Safari/534.34","webSecurityEnabled":true}
[INFO  - 2014-07-01T13:10:26.684Z] Session [117b2870-0121-11e4-a5c9-cfad07375e0b] - page.customHeaders:  - {}
[INFO  - 2014-07-01T13:10:26.685Z] Session [117b2870-0121-11e4-a5c9-cfad07375e0b] - Session.negotiatedCapabilities - {"browserName":"phantomjs","version":"1.9.7","driverName":"ghostdriver","driverVersion":"1.1.0","platform":"linux-unknown-64bit","javascriptEnabled":true,"takesScreenshot":true,"handlesAlerts":false,"databaseEnabled":false,"locationContextEnabled":false,"applicationCacheEnabled":false,"browserConnectionEnabled":false,"cssSelectorsEnabled":true,"webStorageEnabled":false,"rotatable":false,"acceptSslCerts":false,"nativeEvents":true,"proxy":{"proxyType":"direct"}}
[INFO  - 2014-07-01T13:10:26.685Z] SessionManagerReqHand - _postNewSessionCommand - New Session Created: 117b2870-0121-11e4-a5c9-cfad07375e0b
[ERROR - 2014-07-01T13:10:53.698Z] WebElementLocator - _handleLocateCommand - Element(s) NOT Found: GAVE UP. Search Stop Time: 1404220253646
[INFO  - 2014-07-01T13:10:55.306Z] ShutdownReqHand - _handle - About to shutdown
[INFO  - 2014-07-01T13:17:24.769Z] GhostDriver - Main - running on port 5281
[INFO  - 2014-07-01T13:17:25.272Z] Session [0afa7720-0122-11e4-8856-f76bba525075] - page.settings - {"XSSAuditingEnabled":false,"javascriptCanCloseWindows":true,"javascriptCanOpenWindows":true,"javascriptEnabled":true,"loadImages":true,"localToRemoteUrlAccessEnabled":false,"userAgent":"Mozilla/5.0 (Unknown; Linux x86_64) AppleWebKit/534.34 (KHTML, like Gecko) PhantomJS/1.9.7 Safari/534.34","webSecurityEnabled":true}
[INFO  - 2014-07-01T13:17:25.272Z] Session [0afa7720-0122-11e4-8856-f76bba525075] - page.customHeaders:  - {}
[INFO  - 2014-07-01T13:17:25.272Z] Session [0afa7720-0122-11e4-8856-f76bba525075] - Session.negotiatedCapabilities - {"browserName":"phantomjs","version":"1.9.7","driverName":"ghostdriver","driverVersion":"1.1.0","platform":"linux-unknown-64bit","javascriptEnabled":true,"takesScreenshot":true,"handlesAlerts":false,"databaseEnabled":false,"locationContextEnabled":false,"applicationCacheEnabled":false,"browserConnectionEnabled":false,"cssSelectorsEnabled":true,"webStorageEnabled":false,"rotatable":false,"acceptSslCerts":false,"nativeEvents":true,"proxy":{"proxyType":"direct"}}
[INFO  - 2014-07-01T13:17:25.272Z] SessionManagerReqHand - _postNewSessionCommand - New Session Created: 0afa7720-0122-11e4-8856-f76bba525075
[ERROR - 2014-07-01T13:17:52.322Z] WebElementLocator - _handleLocateCommand - Element(s) NOT Found: GAVE UP. Search Stop Time: 1404220672265
[INFO  - 2014-07-01T13:17:53.908Z] ShutdownReqHand - _handle - About to shutdown
[INFO  - 2014-07-01T13:19:31.246Z] GhostDriver - Main - running on port 19901
[INFO  - 2014-07-01T13:19:31.754Z] Session [565e6460-0122-11e4-bc93-4be1451cb827] - page.settings - {"XSSAuditingEnabled":false,"javascriptCanCloseWindows":true,"javascriptCanOpenWindows":true,"javascriptEnabled":true,"loadImages":true,"localToRemoteUrlAccessEnabled":false,"userAgent":"Mozilla/5.0 (Unknown; Linux x86_64) AppleWebKit/534.34 (KHTML, like Gecko) PhantomJS/1.9.7 Safari/534.34","webSecurityEnabled":true}
[INFO  - 2014-07-01T13:19:31.754Z] Session [565e6460-0122-11e4-bc93-4be1451cb827] - page.customHeaders:  - {}
[INFO  - 2014-07-01T13:19:31.754Z] Session [565e6460-0122-11e4-bc93-4be1451cb827] - Session.negotiatedCapabilities - {"browserName":"phantomjs","version":"1.9.7","driverName":"ghostdriver","driverVersion":"1.1.0","platform":"linux-unknown-64bit","javascriptEnabled":true,"takesScreenshot":true,"handlesAlerts":false,"databaseEnabled":false,"locationContextEnabled":false,"applicationCacheEnabled":false,"browserConnectionEnabled":false,"cssSelectorsEnabled":true,"webStorageEnabled":false,"rotatable":false,"acceptSslCerts":false,"nativeEvents":true,"proxy":{"proxyType":"direct"}}
[INFO  - 2014-07-01T13:19:31.754Z] SessionManagerReqHand - _postNewSessionCommand - New Session Created: 565e6460-0122-11e4-bc93-4be1451cb827
[ERROR - 2014-07-01T13:19:58.935Z] WebElementLocator - _handleLocateCommand - Element(s) NOT Found: GAVE UP. Search Stop Time: 1404220798878
[INFO  - 2014-07-01T13:20:00.514Z] ShutdownReqHand - _handle - About to shutdown
[INFO  - 2014-07-01T13:22:01.816Z] GhostDriver - Main - running on port 8886
[INFO  - 2014-07-01T13:22:02.330Z] Session [b01e5050-0122-11e4-ba3b-f93c03dbf269] - page.settings - {"XSSAuditingEnabled":false,"javascriptCanCloseWindows":true,"javascriptCanOpenWindows":true,"javascriptEnabled":true,"loadImages":true,"localToRemoteUrlAccessEnabled":false,"userAgent":"Mozilla/5.0 (Unknown; Linux x86_64) AppleWebKit/534.34 (KHTML, like Gecko) PhantomJS/1.9.7 Safari/534.34","webSecurityEnabled":true}
[INFO  - 2014-07-01T13:22:02.330Z] Session [b01e5050-0122-11e4-ba3b-f93c03dbf269] - page.customHeaders:  - {}
[INFO  - 2014-07-01T13:22:02.330Z] Session [b01e5050-0122-11e4-ba3b-f93c03dbf269] - Session.negotiatedCapabilities - {"browserName":"phantomjs","version":"1.9.7","driverName":"ghostdriver","driverVersion":"1.1.0","platform":"linux-unknown-64bit","javascriptEnabled":true,"takesScreenshot":true,"handlesAlerts":false,"databaseEnabled":false,"locationContextEnabled":false,"applicationCacheEnabled":false,"browserConnectionEnabled":false,"cssSelectorsEnabled":true,"webStorageEnabled":false,"rotatable":false,"acceptSslCerts":false,"nativeEvents":true,"proxy":{"proxyType":"direct"}}
[INFO  - 2014-07-01T13:22:02.330Z] SessionManagerReqHand - _postNewSessionCommand - New Session Created: b01e5050-0122-11e4-ba3b-f93c03dbf269
[ERROR - 2014-07-01T13:22:29.297Z] WebElementLocator - _handleLocateCommand - Element(s) NOT Found: GAVE UP. Search Stop Time: 1404220949237
[INFO  - 2014-07-01T13:22:30.889Z] ShutdownReqHand - _handle - About to shutdown
[INFO  - 2014-07-01T13:27:27.410Z] GhostDriver - Main - running on port 31677
[INFO  - 2014-07-01T13:27:27.926Z] Session [72305210-0123-11e4-98e2-b9313efe8f58] - page.settings - {"XSSAuditingEnabled":false,"javascriptCanCloseWindows":true,"javascriptCanOpenWindows":true,"javascriptEnabled":true,"loadImages":true,"localToRemoteUrlAccessEnabled":false,"userAgent":"Mozilla/5.0 (Unknown; Linux x86_64) AppleWebKit/534.34 (KHTML, like Gecko) PhantomJS/1.9.7 Safari/534.34","webSecurityEnabled":true}
[INFO  - 2014-07-01T13:27:27.926Z] Session [72305210-0123-11e4-98e2-b9313efe8f58] - page.customHeaders:  - {}
[INFO  - 2014-07-01T13:27:27.926Z] Session [72305210-0123-11e4-98e2-b9313efe8f58] - Session.negotiatedCapabilities - {"browserName":"phantomjs","version":"1.9.7","driverName":"ghostdriver","driverVersion":"1.1.0","platform":"linux-unknown-64bit","javascriptEnabled":true,"takesScreenshot":true,"handlesAlerts":false,"databaseEnabled":false,"locationContextEnabled":false,"applicationCacheEnabled":false,"browserConnectionEnabled":false,"cssSelectorsEnabled":true,"webStorageEnabled":false,"rotatable":false,"acceptSslCerts":false,"nativeEvents":true,"proxy":{"proxyType":"direct"}}
[INFO  - 2014-07-01T13:27:27.926Z] SessionManagerReqHand - _postNewSessionCommand - New Session Created: 72305210-0123-11e4-98e2-b9313efe8f58
[ERROR - 2014-07-01T13:27:55.094Z] WebElementLocator - _handleLocateCommand - Element(s) NOT Found: GAVE UP. Search Stop Time: 1404221275038
[INFO  - 2014-07-01T13:27:56.790Z] ShutdownReqHand - _handle - About to shutdown
[INFO  - 2014-07-01T13:28:48.781Z] GhostDriver - Main - running on port 6271
[INFO  - 2014-07-01T13:28:49.268Z] Session [a2ac6e10-0123-11e4-a7eb-bb8ef5ea50d8] - page.settings - {"XSSAuditingEnabled":false,"javascriptCanCloseWindows":true,"javascriptCanOpenWindows":true,"javascriptEnabled":true,"loadImages":true,"localToRemoteUrlAccessEnabled":false,"userAgent":"Mozilla/5.0 (Unknown; Linux x86_64) AppleWebKit/534.34 (KHTML, like Gecko) PhantomJS/1.9.7 Safari/534.34","webSecurityEnabled":true}
[INFO  - 2014-07-01T13:28:49.268Z] Session [a2ac6e10-0123-11e4-a7eb-bb8ef5ea50d8] - page.customHeaders:  - {}
[INFO  - 2014-07-01T13:28:49.268Z] Session [a2ac6e10-0123-11e4-a7eb-bb8ef5ea50d8] - Session.negotiatedCapabilities - {"browserName":"phantomjs","version":"1.9.7","driverName":"ghostdriver","driverVersion":"1.1.0","platform":"linux-unknown-64bit","javascriptEnabled":true,"takesScreenshot":true,"handlesAlerts":false,"databaseEnabled":false,"locationContextEnabled":false,"applicationCacheEnabled":false,"browserConnectionEnabled":false,"cssSelectorsEnabled":true,"webStorageEnabled":false,"rotatable":false,"acceptSslCerts":false,"nativeEvents":true,"proxy":{"proxyType":"direct"}}
[INFO  - 2014-07-01T13:28:49.268Z] SessionManagerReqHand - _postNewSessionCommand - New Session Created: a2ac6e10-0123-11e4-a7eb-bb8ef5ea50d8
[ERROR - 2014-07-01T13:29:16.322Z] WebElementLocator - _handleLocateCommand - Element(s) NOT Found: GAVE UP. Search Stop Time: 1404221356267
[INFO  - 2014-07-01T13:29:17.920Z] ShutdownReqHand - _handle - About to shutdown
[INFO  - 2014-07-01T13:30:41.526Z] GhostDriver - Main - running on port 23910
[INFO  - 2014-07-01T13:30:42.038Z] Session [e5e37610-0123-11e4-89a7-91d4fff2a9c2] - page.settings - {"XSSAuditingEnabled":false,"javascriptCanCloseWindows":true,"javascriptCanOpenWindows":true,"javascriptEnabled":true,"loadImages":true,"localToRemoteUrlAccessEnabled":false,"userAgent":"Mozilla/5.0 (Unknown; Linux x86_64) AppleWebKit/534.34 (KHTML, like Gecko) PhantomJS/1.9.7 Safari/534.34","webSecurityEnabled":true}
[INFO  - 2014-07-01T13:30:42.038Z] Session [e5e37610-0123-11e4-89a7-91d4fff2a9c2] - page.customHeaders:  - {}
[INFO  - 2014-07-01T13:30:42.038Z] Session [e5e37610-0123-11e4-89a7-91d4fff2a9c2] - Session.negotiatedCapabilities - {"browserName":"phantomjs","version":"1.9.7","driverName":"ghostdriver","driverVersion":"1.1.0","platform":"linux-unknown-64bit","javascriptEnabled":true,"takesScreenshot":true,"handlesAlerts":false,"databaseEnabled":false,"locationContextEnabled":false,"applicationCacheEnabled":false,"browserConnectionEnabled":false,"cssSelectorsEnabled":true,"webStorageEnabled":false,"rotatable":false,"acceptSslCerts":false,"nativeEvents":true,"proxy":{"proxyType":"direct"}}
[INFO  - 2014-07-01T13:30:42.038Z] SessionManagerReqHand - _postNewSessionCommand - New Session Created: e5e37610-0123-11e4-89a7-91d4fff2a9c2
[INFO  - 2014-07-01T13:30:45.018Z] ShutdownReqHand - _handle - About to shutdown
[INFO  - 2014-07-01T13:31:23.786Z] GhostDriver - Main - running on port 1588
[INFO  - 2014-07-01T13:31:24.291Z] Session [ff131000-0123-11e4-a4c1-fd7d9387a6f3] - page.settings - {"XSSAuditingEnabled":false,"javascriptCanCloseWindows":true,"javascriptCanOpenWindows":true,"javascriptEnabled":true,"loadImages":true,"localToRemoteUrlAccessEnabled":false,"userAgent":"Mozilla/5.0 (Unknown; Linux x86_64) AppleWebKit/534.34 (KHTML, like Gecko) PhantomJS/1.9.7 Safari/534.34","webSecurityEnabled":true}
[INFO  - 2014-07-01T13:31:24.291Z] Session [ff131000-0123-11e4-a4c1-fd7d9387a6f3] - page.customHeaders:  - {}
[INFO  - 2014-07-01T13:31:24.291Z] Session [ff131000-0123-11e4-a4c1-fd7d9387a6f3] - Session.negotiatedCapabilities - {"browserName":"phantomjs","version":"1.9.7","driverName":"ghostdriver","driverVersion":"1.1.0","platform":"linux-unknown-64bit","javascriptEnabled":true,"takesScreenshot":true,"handlesAlerts":false,"databaseEnabled":false,"locationContextEnabled":false,"applicationCacheEnabled":false,"browserConnectionEnabled":false,"cssSelectorsEnabled":true,"webStorageEnabled":false,"rotatable":false,"acceptSslCerts":false,"nativeEvents":true,"proxy":{"proxyType":"direct"}}
[INFO  - 2014-07-01T13:31:24.291Z] SessionManagerReqHand - _postNewSessionCommand - New Session Created: ff131000-0123-11e4-a4c1-fd7d9387a6f3
[ERROR - 2014-07-01T13:31:51.890Z] WebElementLocator - _handleLocateCommand - Element(s) NOT Found: GAVE UP. Search Stop Time: 1404221511835
[INFO  - 2014-07-01T13:31:53.442Z] ShutdownReqHand - _handle - About to shutdown
[INFO  - 2014-09-22T16:22:14.877Z] GhostDriver - Main - running on port 29564
[INFO  - 2014-09-22T16:22:15.038Z] Session [9d4805a0-4274-11e4-bdba-e720cbccd249] - page.settings - {"XSSAuditingEnabled":false,"javascriptCanCloseWindows":true,"javascriptCanOpenWindows":true,"javascriptEnabled":true,"loadImages":true,"localToRemoteUrlAccessEnabled":false,"userAgent":"Mozilla/5.0 (Windows NT 6.1; WOW64) AppleWebKit/534.34 (KHTML, like Gecko) PhantomJS/1.9.7 Safari/534.34","webSecurityEnabled":true}
[INFO  - 2014-09-22T16:22:15.038Z] Session [9d4805a0-4274-11e4-bdba-e720cbccd249] - page.customHeaders:  - {}
[INFO  - 2014-09-22T16:22:15.038Z] Session [9d4805a0-4274-11e4-bdba-e720cbccd249] - Session.negotiatedCapabilities - {"browserName":"phantomjs","version":"1.9.7","driverName":"ghostdriver","driverVersion":"1.1.0","platform":"windows-7-32bit","javascriptEnabled":true,"takesScreenshot":true,"handlesAlerts":false,"databaseEnabled":false,"locationContextEnabled":false,"applicationCacheEnabled":false,"browserConnectionEnabled":false,"cssSelectorsEnabled":true,"webStorageEnabled":false,"rotatable":false,"acceptSslCerts":false,"nativeEvents":true,"proxy":{"proxyType":"direct"}}
[INFO  - 2014-09-22T16:22:15.038Z] SessionManagerReqHand - _postNewSessionCommand - New Session Created: 9d4805a0-4274-11e4-bdba-e720cbccd249
[INFO  - 2014-09-22T16:28:21.779Z] GhostDriver - Main - running on port 14017
[INFO  - 2014-09-22T16:28:22.439Z] Session [7844f730-4275-11e4-a31d-75d0aa59dd81] - page.settings - {"XSSAuditingEnabled":false,"javascriptCanCloseWindows":true,"javascriptCanOpenWindows":true,"javascriptEnabled":true,"loadImages":true,"localToRemoteUrlAccessEnabled":false,"userAgent":"Mozilla/5.0 (Windows NT 6.1; WOW64) AppleWebKit/534.34 (KHTML, like Gecko) PhantomJS/1.9.7 Safari/534.34","webSecurityEnabled":true}
[INFO  - 2014-09-22T16:28:22.440Z] Session [7844f730-4275-11e4-a31d-75d0aa59dd81] - page.customHeaders:  - {}
[INFO  - 2014-09-22T16:28:22.440Z] Session [7844f730-4275-11e4-a31d-75d0aa59dd81] - Session.negotiatedCapabilities - {"browserName":"phantomjs","version":"1.9.7","driverName":"ghostdriver","driverVersion":"1.1.0","platform":"windows-7-32bit","javascriptEnabled":true,"takesScreenshot":true,"handlesAlerts":false,"databaseEnabled":false,"locationContextEnabled":false,"applicationCacheEnabled":false,"browserConnectionEnabled":false,"cssSelectorsEnabled":true,"webStorageEnabled":false,"rotatable":false,"acceptSslCerts":false,"nativeEvents":true,"proxy":{"proxyType":"direct"}}
[INFO  - 2014-09-22T16:28:22.440Z] SessionManagerReqHand - _postNewSessionCommand - New Session Created: 7844f730-4275-11e4-a31d-75d0aa59dd81
[INFO  - 2014-09-23T09:18:41.605Z] GhostDriver - Main - running on port 20035
[INFO  - 2014-09-23T09:18:41.606Z] GhostDriver - Main - running on port 18845
[INFO  - 2014-09-23T09:18:42.007Z] Session [9c592140-4302-11e4-909d-e12b1d1187a2] - page.settings - {"XSSAuditingEnabled":false,"javascriptCanCloseWindows":true,"javascriptCanOpenWindows":true,"javascriptEnabled":true,"loadImages":true,"localToRemoteUrlAccessEnabled":false,"userAgent":"Mozilla/5.0 (Unknown; Linux x86_64) AppleWebKit/534.34 (KHTML, like Gecko) PhantomJS/1.9.7 Safari/534.34","webSecurityEnabled":true}
[INFO  - 2014-09-23T09:18:42.007Z] Session [9c592140-4302-11e4-b194-b5bdd44c227c] - page.settings - {"XSSAuditingEnabled":false,"javascriptCanCloseWindows":true,"javascriptCanOpenWindows":true,"javascriptEnabled":true,"loadImages":true,"localToRemoteUrlAccessEnabled":false,"userAgent":"Mozilla/5.0 (Unknown; Linux x86_64) AppleWebKit/534.34 (KHTML, like Gecko) PhantomJS/1.9.7 Safari/534.34","webSecurityEnabled":true}
[INFO  - 2014-09-23T09:18:42.008Z] Session [9c592140-4302-11e4-b194-b5bdd44c227c] - page.customHeaders:  - {}
[INFO  - 2014-09-23T09:18:42.008Z] Session [9c592140-4302-11e4-909d-e12b1d1187a2] - page.customHeaders:  - {}
[INFO  - 2014-09-23T09:18:42.008Z] Session [9c592140-4302-11e4-b194-b5bdd44c227c] - Session.negotiatedCapabilities - {"browserName":"phantomjs","version":"1.9.7","driverName":"ghostdriver","driverVersion":"1.1.0","platform":"linux-unknown-64bit","javascriptEnabled":true,"takesScreenshot":true,"handlesAlerts":false,"databaseEnabled":false,"locationContextEnabled":false,"applicationCacheEnabled":false,"browserConnectionEnabled":false,"cssSelectorsEnabled":true,"webStorageEnabled":false,"rotatable":false,"acceptSslCerts":false,"nativeEvents":true,"proxy":{"proxyType":"direct"}}
[INFO  - 2014-09-23T09:18:42.008Z] Session [9c592140-4302-11e4-909d-e12b1d1187a2] - Session.negotiatedCapabilities - {"browserName":"phantomjs","version":"1.9.7","driverName":"ghostdriver","driverVersion":"1.1.0","platform":"linux-unknown-64bit","javascriptEnabled":true,"takesScreenshot":true,"handlesAlerts":false,"databaseEnabled":false,"locationContextEnabled":false,"applicationCacheEnabled":false,"browserConnectionEnabled":false,"cssSelectorsEnabled":true,"webStorageEnabled":false,"rotatable":false,"acceptSslCerts":false,"nativeEvents":true,"proxy":{"proxyType":"direct"}}
[INFO  - 2014-09-23T09:18:42.008Z] SessionManagerReqHand - _postNewSessionCommand - New Session Created: 9c592140-4302-11e4-b194-b5bdd44c227c
[INFO  - 2014-09-23T09:18:42.008Z] SessionManagerReqHand - _postNewSessionCommand - New Session Created: 9c592140-4302-11e4-909d-e12b1d1187a2
[INFO  - 2014-09-23T09:18:51.280Z] GhostDriver - Main - running on port 18443
[INFO  - 2014-09-23T09:18:51.791Z] Session [a22dbea0-4302-11e4-b88c-adc752b5d9ae] - page.settings - {"XSSAuditingEnabled":false,"javascriptCanCloseWindows":true,"javascriptCanOpenWindows":true,"javascriptEnabled":true,"loadImages":true,"localToRemoteUrlAccessEnabled":false,"userAgent":"Mozilla/5.0 (Unknown; Linux x86_64) AppleWebKit/534.34 (KHTML, like Gecko) PhantomJS/1.9.7 Safari/534.34","webSecurityEnabled":true}
[INFO  - 2014-09-23T09:18:51.791Z] Session [a22dbea0-4302-11e4-b88c-adc752b5d9ae] - page.customHeaders:  - {}
[INFO  - 2014-09-23T09:18:51.791Z] Session [a22dbea0-4302-11e4-b88c-adc752b5d9ae] - Session.negotiatedCapabilities - {"browserName":"phantomjs","version":"1.9.7","driverName":"ghostdriver","driverVersion":"1.1.0","platform":"linux-unknown-64bit","javascriptEnabled":true,"takesScreenshot":true,"handlesAlerts":false,"databaseEnabled":false,"locationContextEnabled":false,"applicationCacheEnabled":false,"browserConnectionEnabled":false,"cssSelectorsEnabled":true,"webStorageEnabled":false,"rotatable":false,"acceptSslCerts":false,"nativeEvents":true,"proxy":{"proxyType":"direct"}}
[INFO  - 2014-09-23T09:18:51.791Z] SessionManagerReqHand - _postNewSessionCommand - New Session Created: a22dbea0-4302-11e4-b88c-adc752b5d9ae
[ERROR - 2014-09-23T09:20:08.720Z] WebElementLocator - _handleLocateCommand - Element(s) NOT Found: GAVE UP. Search Stop Time: 1411464008679
[INFO  - 2014-09-23T09:20:09.726Z] ShutdownReqHand - _handle - About to shutdown
[INFO  - 2014-09-23T09:24:25.480Z] GhostDriver - Main - running on port 1118
[INFO  - 2014-09-23T09:24:25.982Z] Session [695f8cb0-4303-11e4-b39f-ff5eb333ac5e] - page.settings - {"XSSAuditingEnabled":false,"javascriptCanCloseWindows":true,"javascriptCanOpenWindows":true,"javascriptEnabled":true,"loadImages":true,"localToRemoteUrlAccessEnabled":false,"userAgent":"Mozilla/5.0 (Unknown; Linux x86_64) AppleWebKit/534.34 (KHTML, like Gecko) PhantomJS/1.9.7 Safari/534.34","webSecurityEnabled":true}
[INFO  - 2014-09-23T09:24:25.982Z] Session [695f8cb0-4303-11e4-b39f-ff5eb333ac5e] - page.customHeaders:  - {}
[INFO  - 2014-09-23T09:24:25.982Z] Session [695f8cb0-4303-11e4-b39f-ff5eb333ac5e] - Session.negotiatedCapabilities - {"browserName":"phantomjs","version":"1.9.7","driverName":"ghostdriver","driverVersion":"1.1.0","platform":"linux-unknown-64bit","javascriptEnabled":true,"takesScreenshot":true,"handlesAlerts":false,"databaseEnabled":false,"locationContextEnabled":false,"applicationCacheEnabled":false,"browserConnectionEnabled":false,"cssSelectorsEnabled":true,"webStorageEnabled":false,"rotatable":false,"acceptSslCerts":false,"nativeEvents":true,"proxy":{"proxyType":"direct"}}
[INFO  - 2014-09-23T09:24:25.982Z] SessionManagerReqHand - _postNewSessionCommand - New Session Created: 695f8cb0-4303-11e4-b39f-ff5eb333ac5e
[ERROR - 2014-09-23T09:25:42.680Z] WebElementLocator - _handleLocateCommand - Element(s) NOT Found: GAVE UP. Search Stop Time: 1411464342636
[INFO  - 2014-09-23T09:25:43.671Z] ShutdownReqHand - _handle - About to shutdown
[INFO  - 2014-09-23T10:16:58.186Z] GhostDriver - Main - running on port 18067
[INFO  - 2014-09-23T10:16:58.657Z] Session [c08393e0-430a-11e4-bd10-61e13179ed68] - page.settings - {"XSSAuditingEnabled":false,"javascriptCanCloseWindows":true,"javascriptCanOpenWindows":true,"javascriptEnabled":true,"loadImages":true,"localToRemoteUrlAccessEnabled":false,"userAgent":"Mozilla/5.0 (Unknown; Linux x86_64) AppleWebKit/534.34 (KHTML, like Gecko) PhantomJS/1.9.7 Safari/534.34","webSecurityEnabled":true}
[INFO  - 2014-09-23T10:16:58.657Z] Session [c08393e0-430a-11e4-bd10-61e13179ed68] - page.customHeaders:  - {}
[INFO  - 2014-09-23T10:16:58.658Z] Session [c08393e0-430a-11e4-bd10-61e13179ed68] - Session.negotiatedCapabilities - {"browserName":"phantomjs","version":"1.9.7","driverName":"ghostdriver","driverVersion":"1.1.0","platform":"linux-unknown-64bit","javascriptEnabled":true,"takesScreenshot":true,"handlesAlerts":false,"databaseEnabled":false,"locationContextEnabled":false,"applicationCacheEnabled":false,"browserConnectionEnabled":false,"cssSelectorsEnabled":true,"webStorageEnabled":false,"rotatable":false,"acceptSslCerts":false,"nativeEvents":true,"proxy":{"proxyType":"direct"}}
[INFO  - 2014-09-23T10:16:58.658Z] SessionManagerReqHand - _postNewSessionCommand - New Session Created: c08393e0-430a-11e4-bd10-61e13179ed68
